<?xml version="1.0" encoding="UTF-8"?>
<testsuite name="com.itvdn.controller.EmployeeControllerIntegrationTest" tests="5" skipped="0" failures="0" errors="0" timestamp="2019-11-04T17:50:59" hostname="Asus_i5" time="0.261">
  <properties/>
  <testcase name="addNewEmployee" classname="com.itvdn.controller.EmployeeControllerIntegrationTest" time="0.083"/>
  <testcase name="findEmployeeByNameAndPhone" classname="com.itvdn.controller.EmployeeControllerIntegrationTest" time="0.082"/>
  <testcase name="listAllEmployee" classname="com.itvdn.controller.EmployeeControllerIntegrationTest" time="0.028"/>
  <testcase name="findEmployeeByNameAndPosition" classname="com.itvdn.controller.EmployeeControllerIntegrationTest" time="0.04"/>
  <testcase name="findEmployeeByName" classname="com.itvdn.controller.EmployeeControllerIntegrationTest" time="0.017"/>
  <system-out><![CDATA[2019-11-04 20:50:59.838  INFO 7476 --- [    Test worker] .b.t.c.SpringBootTestContextBootstrapper : Neither @ContextConfiguration nor @ContextHierarchy found for test class [com.itvdn.controller.EmployeeControllerIntegrationTest], using SpringBootContextLoader
2019-11-04 20:50:59.838  INFO 7476 --- [    Test worker] o.s.t.c.support.AbstractContextLoader    : Could not detect default resource locations for test class [com.itvdn.controller.EmployeeControllerIntegrationTest]: no resource found for suffixes {-context.xml, Context.groovy}.
2019-11-04 20:50:59.838  INFO 7476 --- [    Test worker] t.c.s.AnnotationConfigContextLoaderUtils : Could not detect default configuration classes for test class [com.itvdn.controller.EmployeeControllerIntegrationTest]: EmployeeControllerIntegrationTest does not declare any static, non-private, non-final, nested classes annotated with @Configuration.
2019-11-04 20:50:59.838  INFO 7476 --- [    Test worker] .b.t.c.SpringBootTestContextBootstrapper : Found @SpringBootConfiguration com.itvdn.Application for test class com.itvdn.controller.EmployeeControllerIntegrationTest
2019-11-04 20:50:59.854  INFO 7476 --- [    Test worker] .b.t.c.SpringBootTestContextBootstrapper : Loaded default TestExecutionListener class names from location [META-INF/spring.factories]: [org.springframework.boot.test.autoconfigure.restdocs.RestDocsTestExecutionListener, org.springframework.boot.test.autoconfigure.web.client.MockRestServiceServerResetTestExecutionListener, org.springframework.boot.test.autoconfigure.web.servlet.MockMvcPrintOnlyOnFailureTestExecutionListener, org.springframework.boot.test.autoconfigure.web.servlet.WebDriverTestExecutionListener, org.springframework.boot.test.mock.mockito.MockitoTestExecutionListener, org.springframework.boot.test.mock.mockito.ResetMocksTestExecutionListener, org.springframework.test.context.web.ServletTestExecutionListener, org.springframework.test.context.support.DirtiesContextBeforeModesTestExecutionListener, org.springframework.test.context.support.DependencyInjectionTestExecutionListener, org.springframework.test.context.support.DirtiesContextTestExecutionListener, org.springframework.test.context.transaction.TransactionalTestExecutionListener, org.springframework.test.context.jdbc.SqlScriptsTestExecutionListener]
2019-11-04 20:50:59.854  INFO 7476 --- [    Test worker] .b.t.c.SpringBootTestContextBootstrapper : Using TestExecutionListeners: [org.springframework.test.context.web.ServletTestExecutionListener@fa79ce5, org.springframework.test.context.support.DirtiesContextBeforeModesTestExecutionListener@15eeb22e, org.springframework.boot.test.mock.mockito.MockitoTestExecutionListener@7ad42c7f, org.springframework.boot.test.autoconfigure.SpringBootDependencyInjectionTestExecutionListener@5395978a, org.springframework.test.context.support.DirtiesContextTestExecutionListener@606669a9, org.springframework.test.context.transaction.TransactionalTestExecutionListener@f9c849, org.springframework.test.context.jdbc.SqlScriptsTestExecutionListener@5b15abfd, org.springframework.boot.test.autoconfigure.restdocs.RestDocsTestExecutionListener@24c34ed2, org.springframework.boot.test.autoconfigure.web.client.MockRestServiceServerResetTestExecutionListener@773b50c2, org.springframework.boot.test.autoconfigure.web.servlet.MockMvcPrintOnlyOnFailureTestExecutionListener@394e65ec, org.springframework.boot.test.autoconfigure.web.servlet.WebDriverTestExecutionListener@4ff27b7b, org.springframework.boot.test.mock.mockito.ResetMocksTestExecutionListener@71f91989]
2019-11-04 20:50:59.854  INFO 7476 --- [    Test worker] o.s.b.t.m.w.SpringBootMockServletContext : Initializing Spring TestDispatcherServlet ''
2019-11-04 20:50:59.869  INFO 7476 --- [    Test worker] o.s.t.web.servlet.TestDispatcherServlet  : Initializing Servlet ''
2019-11-04 20:50:59.869  INFO 7476 --- [    Test worker] o.s.t.web.servlet.TestDispatcherServlet  : Completed initialization in 0 ms
2019-11-04 20:50:59.932  INFO 7476 --- [    Test worker] com.itvdn.controller.EmployeeController  : New employee with id: 1 was added.
2019-11-04 20:50:59.948  INFO 7476 --- [    Test worker] o.s.b.t.m.w.SpringBootMockServletContext : Initializing Spring TestDispatcherServlet ''
2019-11-04 20:50:59.948  INFO 7476 --- [    Test worker] o.s.t.web.servlet.TestDispatcherServlet  : Initializing Servlet ''
2019-11-04 20:50:59.948  INFO 7476 --- [    Test worker] o.s.t.web.servlet.TestDispatcherServlet  : Completed initialization in 0 ms
Employee #: , 1, Oleg, CEO, 042
2019-11-04 20:51:00.033  INFO 7476 --- [    Test worker] o.s.b.t.m.w.SpringBootMockServletContext : Initializing Spring TestDispatcherServlet ''
2019-11-04 20:51:00.033  INFO 7476 --- [    Test worker] o.s.t.web.servlet.TestDispatcherServlet  : Initializing Servlet ''
2019-11-04 20:51:00.033  INFO 7476 --- [    Test worker] o.s.t.web.servlet.TestDispatcherServlet  : Completed initialization in 0 ms
[]
2019-11-04 20:51:00.064  INFO 7476 --- [    Test worker] o.s.b.t.m.w.SpringBootMockServletContext : Initializing Spring TestDispatcherServlet ''
2019-11-04 20:51:00.064  INFO 7476 --- [    Test worker] o.s.t.web.servlet.TestDispatcherServlet  : Initializing Servlet ''
2019-11-04 20:51:00.080  INFO 7476 --- [    Test worker] o.s.t.web.servlet.TestDispatcherServlet  : Completed initialization in 16 ms
[]
2019-11-04 20:51:00.112  INFO 7476 --- [    Test worker] o.s.b.t.m.w.SpringBootMockServletContext : Initializing Spring TestDispatcherServlet ''
2019-11-04 20:51:00.112  INFO 7476 --- [    Test worker] o.s.t.web.servlet.TestDispatcherServlet  : Initializing Servlet ''
2019-11-04 20:51:00.112  INFO 7476 --- [    Test worker] o.s.t.web.servlet.TestDispatcherServlet  : Completed initialization in 0 ms
[]
]]></system-out>
  <system-err><![CDATA[]]></system-err>
</testsuite>
